1648885641188	geckodriver	INFO	Listening on 127.0.0.1:52508
1648885644224	mozrunner::runner	INFO	Running command: "C:\\Program Files\\Mozilla Firefox\\firefox.exe" "--marionette" "--remote-debugging-port" "52509" "-no-remote" "-profile" "C:\\Users\\Aaryan\\AppData\\Local\\Temp\\rust_mozprofileYsOyhD"
1648885644512	Marionette	INFO	Marionette enabled
console.warn: SearchSettings: "get: No settings file exists, new profile?" (new NotFoundError("Could not open the file at C:\\Users\\Aaryan\\AppData\\Local\\Temp\\rust_mozprofileYsOyhD\\search.json.mozlz4", (void 0)))
DevTools listening on ws://localhost:52509/devtools/browser/b4d14232-3b5e-4134-8148-5aaa4343bfb9
1648885646089	Marionette	INFO	Listening on port 52514
1648885646264	RemoteAgent	WARN	TLS certificate errors will be ignored for this session
1648885656234	Marionette	INFO	Stopped listening on port 52514
console.warn: TopSitesFeed: Failed to fetch data from Contile server: NetworkError when attempting to fetch resource.
1648885698484	geckodriver	INFO	Listening on 127.0.0.1:52608
1648885701527	mozrunner::runner	INFO	Running command: "C:\\Program Files\\Mozilla Firefox\\firefox.exe" "--marionette" "--remote-debugging-port" "52609" "-no-remote" "-profile" "C:\\Users\\Aaryan\\AppData\\Local\\Temp\\rust_mozprofileqetlJj"
1648885701710	Marionette	INFO	Marionette enabled
console.warn: SearchSettings: "get: No settings file exists, new profile?" (new NotFoundError("Could not open the file at C:\\Users\\Aaryan\\AppData\\Local\\Temp\\rust_mozprofileqetlJj\\search.json.mozlz4", (void 0)))
DevTools listening on ws://localhost:52609/devtools/browser/d16c0d71-9300-4458-8c8a-0180bfa78eaf
1648885703227	Marionette	INFO	Listening on port 52614
1648885703563	RemoteAgent	WARN	TLS certificate errors will be ignored for this session
1648885703701	Marionette	INFO	Stopped listening on port 52614
console.error: services.settings: 
  main/query-stripping Signature failed  TypeError: NetworkError: Network request failed
console.error: Region.jsm: "Error fetching region" (new TypeError("NetworkError when attempting to fetch resource.", ""))
console.error: Region.jsm: "Failed to fetch region" (new Error("NO_RESULT", "resource://gre/modules/Region.jsm", 419))

###!!! [Parent][PGPUParent] Error: RunMessage(msgname=PGPU::Msg_ShutdownVR) Channel closing: too late to send/recv, messages will be lost

